<?xml version="1.0" encoding="UTF-8"?>
<!-- Generated by org.testng.reporters.JUnitReportReporter -->
<testsuite hostname="ROVSHENTHINKPAD" failures="0" tests="1" name="TNG_Tests.DatePicker_Test" time="4.910" errors="0" timestamp="2020-06-27T21:21:02 CDT" skipped="0">
  <testcase classname="TNG_Tests.DatePicker_Test" name="clickCtrlGroup" time="4.910"/>
  <system-out/>
</testsuite> <!-- TNG_Tests.DatePicker_Test -->
